#
# A fatal error has been detected by the Java Runtime Environment:
#
#  Internal Error (classFileParser.cpp:3174), pid=3324, tid=1480
#  Error: ShouldNotReachHere()
#
# JRE version: 6.0_18-b07
# Java VM: Java HotSpot(TM) Client VM (16.0-b13 mixed mode windows-x86 )
# If you would like to submit a bug report, please visit:
#   http://java.sun.com/webapps/bugreport/crash.jsp
#

---------------  T H R E A D  ---------------

Current thread (0x019d9000):  JavaThread "Unknown thread" [_thread_in_vm, id=1480, stack(0x00270000,0x002c0000)]

Stack: [0x00270000,0x002c0000],  sp=0x002bf880,  free space=13e002bf890k
Native frames: (J=compiled Java code, j=interpreted, Vv=VM code, C=native code)
V  [jvm.dll+0x1f4000]
V  [jvm.dll+0xa1d79]
V  [jvm.dll+0x74ab1]
V  [jvm.dll+0x76154]
V  [jvm.dll+0x1c2395]
V  [jvm.dll+0x1c2acd]
V  [jvm.dll+0x1c2e85]
V  [jvm.dll+0x1c2ecb]
V  [jvm.dll+0x1c2ff2]
V  [jvm.dll+0x1c306a]
V  [jvm.dll+0x1c351d]
V  [jvm.dll+0x1c3922]
V  [jvm.dll+0x1e3ed3]
V  [jvm.dll+0x1e42ac]
V  [jvm.dll+0xd88c1]
V  [jvm.dll+0x1ddae8]
V  [jvm.dll+0x1030a0]
C  [javaw.exe+0x1657]
C  [javaw.exe+0x1e2c]
C  [javaw.exe+0x8614]
C  [kernel32.dll+0x51194]
C  [ntdll.dll+0x5b3f5]
C  [ntdll.dll+0x5b3c8]


---------------  P R O C E S S  ---------------

Java Threads: ( => current thread )

Other Threads:

=>0x019d9000 (exited) JavaThread "Unknown thread" [_thread_in_vm, id=1480, stack(0x00270000,0x002c0000)]

VM state:not at safepoint (not fully initialized)

VM Mutex/Monitor currently owned by a thread: None

Dynamic libraries:
0x00400000 - 0x00424000 	F:\Program Files\Java\jre6\bin\javaw.exe
0x77170000 - 0x772ac000 	C:\Windows\SYSTEM32\ntdll.dll
0x75ba0000 - 0x75c74000 	C:\Windows\system32\kernel32.dll
0x75550000 - 0x7559a000 	C:\Windows\system32\KERNELBASE.dll
0x76bd0000 - 0x76c70000 	C:\Windows\system32\ADVAPI32.dll
0x76cf0000 - 0x76d9c000 	C:\Windows\system32\msvcrt.dll
0x755c0000 - 0x755d9000 	C:\Windows\SYSTEM32\sechost.dll
0x772f0000 - 0x77391000 	C:\Windows\system32\RPCRT4.dll
0x758c0000 - 0x75989000 	C:\Windows\system32\USER32.dll
0x75770000 - 0x757be000 	C:\Windows\system32\GDI32.dll
0x75af0000 - 0x75afa000 	C:\Windows\system32\LPK.dll
0x75b00000 - 0x75b9d000 	C:\Windows\system32\USP10.dll
0x772d0000 - 0x772ef000 	C:\Windows\system32\IMM32.DLL
0x76fd0000 - 0x7709c000 	C:\Windows\system32\MSCTF.dll
0x7c340000 - 0x7c396000 	F:\Program Files\Java\jre6\bin\msvcr71.dll
0x6d800000 - 0x6da97000 	F:\Program Files\Java\jre6\bin\client\jvm.dll
0x73740000 - 0x73772000 	C:\Windows\system32\WINMM.dll
0x751c0000 - 0x7520b000 	C:\Windows\system32\apphelp.dll
0x6d7b0000 - 0x6d7bc000 	F:\Program Files\Java\jre6\bin\verify.dll
0x6d330000 - 0x6d34f000 	F:\Program Files\Java\jre6\bin\java.dll
0x6d290000 - 0x6d298000 	F:\Program Files\Java\jre6\bin\hpi.dll
0x772b0000 - 0x772b5000 	C:\Windows\system32\PSAPI.DLL
0x6d7f0000 - 0x6d7ff000 	F:\Program Files\Java\jre6\bin\zip.dll

VM Arguments:
jvm_args: -Dfile.encoding=GB18030 -Xbootclasspath:G:\android\android-sdk-windows\platforms\android-2.0\android.jar 
java_command: com.eben.ddz.model.AI
Launcher Type: SUN_STANDARD

Environment Variables:
PATH=F:/Program Files/Java/jdk1.6.0_18/bin/../jre/bin/client;F:/Program Files/Java/jdk1.6.0_18/bin/../jre/bin;F:\Program Files\Java\jdk1.6.0_18\bin;G:\android\android-sdk-windows\tools;C:\Windows\system32;C:\Windows;C:\Windows\System32\Wbem;C:\Windows\System32\WindowsPowerShell\v1.0\;C:\Program Files\Common Files\Roxio Shared\DLLShared\;C:\Program Files\Common Files\Roxio Shared\10.0\DLLShared\;C:\Program Files\Common Files\Thunder Network\KanKan\Codecs;C:\Program Files\Graphviz2.26.3\bin;C:\Program Files\IDM Computer Solutions\UltraEdit\
USERNAME=roy
OS=Windows_NT
PROCESSOR_IDENTIFIER=x86 Family 6 Model 23 Stepping 10, GenuineIntel



---------------  S Y S T E M  ---------------

OS: Windows 7 Build 7600 

CPU:total 2 (2 cores per cpu, 1 threads per core) family 6 model 23 stepping 10, cmov, cx8, fxsr, mmx, sse, sse2, sse3, ssse3, sse4.1

Memory: 4k page, physical 2061112k(1149836k free), swap 4122224k(2401048k free)

vm_info: Java HotSpot(TM) Client VM (16.0-b13) for windows-x86 JRE (1.6.0_18-b07), built on Dec 17 2009 13:35:55 by "java_re" with MS VC++ 7.1 (VS2003)

time: Wed May 05 13:59:46 2010
elapsed time: 0 seconds

